<?xml version="1.0" encoding="UTF-8"?>
<!-- Generated by org.testng.reporters.JUnitXMLReporter -->
<testsuite hostname="LAPTOP-QS6OB0P6" name="Default test" tests="6" failures="0" timestamp="9 Aug 2022 06:12:46 GMT" time="5.986" errors="0">
  <testcase name="checkContentType" time="0.006" classname="com.employeeApi.testcases.TC001_GET_All_Employees$getAllEmplyees"/>
  <testcase name="checkHeaders" time="0.003" classname="com.employeeApi.testcases.TC001_GET_All_Employees$getAllEmplyees"/>
  <testcase name="checkResponseBody" time="0.016" classname="com.employeeApi.testcases.TC001_GET_All_Employees$getAllEmplyees"/>
  <testcase name="checkResponseTime" time="0.001" classname="com.employeeApi.testcases.TC001_GET_All_Employees$getAllEmplyees"/>
  <testcase name="checkServerType" time="0.001" classname="com.employeeApi.testcases.TC001_GET_All_Employees$getAllEmplyees"/>
  <testcase name="checkStatusCode" time="0.001" classname="com.employeeApi.testcases.TC001_GET_All_Employees$getAllEmplyees"/>
</testsuite> <!-- Default test -->
